<?xml version="1.0" encoding="UTF-8"?>
<!-- Generated by org.testng.reporters.JUnitReportReporter -->
<testsuite skipped="0" hostname="DESKTOP-IN0JCKC" name="tests.ParallelExecution" tests="2" failures="0" timestamp="12 Jul 2020 19:54:38 GMT" time="13.019" errors="0">
  <testcase name="chromBrowswer" time="7.003" classname="tests.ParallelExecution"/>
  <testcase name="internetExpBrowswer" time="6.016" classname="tests.ParallelExecution"/>
</testsuite> <!-- tests.ParallelExecution -->
