<?xml version="1.0" encoding="UTF-8"?>
<!-- Generated by org.testng.reporters.JUnitReportReporter -->
<testsuite skipped="5" hostname="DESKTOP-IN0JCKC" name="tests.HotelLogin" tests="6" failures="0" timestamp="12 Jul 2020 19:19:54 GMT" time="15.714" errors="0">
  <testcase name="loginWithParameters" time="15.714" classname="tests.HotelLogin"/>
  <testcase name="loginToHotelPage" classname="tests.HotelLogin">
    <skipped/>
  </testcase> <!-- loginToHotelPage -->
  <testcase name="testfive" classname="tests.HotelLogin">
    <skipped/>
  </testcase> <!-- testfive -->
  <testcase name="testfour" classname="tests.HotelLogin">
    <skipped/>
  </testcase> <!-- testfour -->
  <testcase name="testthree" classname="tests.HotelLogin">
    <skipped/>
  </testcase> <!-- testthree -->
  <testcase name="testsix" classname="tests.HotelLogin">
    <skipped/>
  </testcase> <!-- testsix -->
</testsuite> <!-- tests.HotelLogin -->
